<?xml version="1.0" encoding="UTF-8"?>
<!-- Generated by org.testng.reporters.JUnitXMLReporter -->
<testsuite hostname="D-SHC-00436690" name="P1" tests="5" failures="0" timestamp="7 May 2013 08:27:42 GMT" time="1509.491" errors="0">
  <testcase name="chipTxnTest" time="314.172" classname="com.paypal.test.riskmint.pph.rqa.PPHBaseRegressionTest"/>
  <testcase name="keyTxnTest" time="241.513" classname="com.paypal.test.riskmint.pph.rqa.PPHBaseRegressionTest"/>
  <testcase name="track12TxnTest" time="235.72" classname="com.paypal.test.riskmint.pph.rqa.PPHBaseRegressionTest"/>
  <testcase name="track1TxnTest" time="254.215" classname="com.paypal.test.riskmint.pph.rqa.PPHBaseRegressionTest"/>
  <testcase name="track2TxnTest" time="240.45" classname="com.paypal.test.riskmint.pph.rqa.PPHBaseRegressionTest"/>
</testsuite> <!-- P1 -->
