<?xml version="1.0" encoding="UTF-8" ?>
<testsuite failures="1" time="498.526" errors="0" skipped="0" tests="2" name="TestSuite">
  <properties>
[...]
</properties>
  <testcase time="80.148" classname="com.paypal.test.riskmint.pph.service.InvoiceDataAccessingTest" name="invoiceDataAccessTest"/>
  <testcase time="412.538" classname="com.paypal.test.riskmint.pph.service.ProductFlagDataAccessingTest" name="invoiceDataAccessTest">
    <failure message="" type="java.lang.AssertionError">java.lang.AssertionError: 
	at org.testng.AssertJUnit.fail(AssertJUnit.java:59)
	at org.testng.AssertJUnit.assertTrue(AssertJUnit.java:24)
	at org.testng.AssertJUnit.assertTrue(AssertJUnit.java:33)
	at com.paypal.test.riskmint.pph.service.ProductFlagDataAccessingTest.invoiceDataAccessTest(ProductFlagDataAccessingTest.java:41)
</failure>
    <system-out>account number is : 1200701238997783449
transaction id is : 10726497
Stage name is: STAGE2P2400
</system-out>
  </testcase>
</testsuite>