<?xml version="1.0" encoding="UTF-8"?>
<testng-results skipped="0" failed="0" total="5" passed="5">
  <reporter-output>
  </reporter-output>
  <suite name="Bluefin Sample Tests" duration-ms="1509491" started-at="2013-05-07T08:02:32Z" finished-at="2013-05-07T08:27:42Z">
    <groups>
      <group name="regression">
        <method signature="PPHBaseRegressionTest.chipTxnTest()[pri:0, instance:com.paypal.test.riskmint.pph.rqa.PPHBaseRegressionTest@341bdd4c]" name="chipTxnTest" class="com.paypal.test.riskmint.pph.rqa.PPHBaseRegressionTest"/>
        <method signature="PPHBaseRegressionTest.keyTxnTest()[pri:0, instance:com.paypal.test.riskmint.pph.rqa.PPHBaseRegressionTest@341bdd4c]" name="keyTxnTest" class="com.paypal.test.riskmint.pph.rqa.PPHBaseRegressionTest"/>
        <method signature="PPHBaseRegressionTest.track12TxnTest()[pri:0, instance:com.paypal.test.riskmint.pph.rqa.PPHBaseRegressionTest@341bdd4c]" name="track12TxnTest" class="com.paypal.test.riskmint.pph.rqa.PPHBaseRegressionTest"/>
        <method signature="PPHBaseRegressionTest.track1TxnTest()[pri:0, instance:com.paypal.test.riskmint.pph.rqa.PPHBaseRegressionTest@341bdd4c]" name="track1TxnTest" class="com.paypal.test.riskmint.pph.rqa.PPHBaseRegressionTest"/>
        <method signature="PPHBaseRegressionTest.track2TxnTest()[pri:0, instance:com.paypal.test.riskmint.pph.rqa.PPHBaseRegressionTest@341bdd4c]" name="track2TxnTest" class="com.paypal.test.riskmint.pph.rqa.PPHBaseRegressionTest"/>
      </group> <!-- regression -->
    </groups>
    <test name="P1" duration-ms="1509491" started-at="2013-05-07T08:02:32Z" finished-at="2013-05-07T08:27:42Z">
      <class name="com.paypal.test.riskmint.pph.rqa.PPHBaseRegressionTest">
        <test-method status="PASS" signature="setTestEnv()[pri:0, instance:com.paypal.test.riskmint.pph.rqa.PPHBaseRegressionTest@341bdd4c]" name="setTestEnv" is-config="true" duration-ms="216081" started-at="2013-05-07T16:02:32Z" finished-at="2013-05-07T16:06:08Z">
          <reporter-output>
          </reporter-output>
        </test-method> <!-- setTestEnv -->
        <test-method status="PASS" signature="chipTxnTest()[pri:0, instance:com.paypal.test.riskmint.pph.rqa.PPHBaseRegressionTest@341bdd4c]" name="chipTxnTest" duration-ms="314172" started-at="2013-05-07T16:06:08Z" finished-at="2013-05-07T16:11:22Z">
          <reporter-output>
          </reporter-output>
        </test-method> <!-- chipTxnTest -->
        <test-method status="PASS" signature="keyTxnTest()[pri:0, instance:com.paypal.test.riskmint.pph.rqa.PPHBaseRegressionTest@341bdd4c]" name="keyTxnTest" duration-ms="241513" started-at="2013-05-07T16:11:24Z" finished-at="2013-05-07T16:15:25Z">
          <reporter-output>
          </reporter-output>
        </test-method> <!-- keyTxnTest -->
        <test-method status="PASS" signature="track12TxnTest()[pri:0, instance:com.paypal.test.riskmint.pph.rqa.PPHBaseRegressionTest@341bdd4c]" name="track12TxnTest" duration-ms="235720" started-at="2013-05-07T16:15:27Z" finished-at="2013-05-07T16:19:22Z">
          <reporter-output>
          </reporter-output>
        </test-method> <!-- track12TxnTest -->
        <test-method status="PASS" signature="track1TxnTest()[pri:0, instance:com.paypal.test.riskmint.pph.rqa.PPHBaseRegressionTest@341bdd4c]" name="track1TxnTest" duration-ms="254215" started-at="2013-05-07T16:19:24Z" finished-at="2013-05-07T16:23:38Z">
          <reporter-output>
          </reporter-output>
        </test-method> <!-- track1TxnTest -->
        <test-method status="PASS" signature="track2TxnTest()[pri:0, instance:com.paypal.test.riskmint.pph.rqa.PPHBaseRegressionTest@341bdd4c]" name="track2TxnTest" duration-ms="240450" started-at="2013-05-07T16:23:40Z" finished-at="2013-05-07T16:27:40Z">
          <reporter-output>
          </reporter-output>
        </test-method> <!-- track2TxnTest -->
      </class> <!-- com.paypal.test.riskmint.pph.rqa.PPHBaseRegressionTest -->
    </test> <!-- P1 -->
  </suite> <!-- Bluefin Sample Tests -->
</testng-results>
